<?xml version="1.0" encoding="UTF-8"?>
<!-- Generated by org.testng.reporters.JUnitReportReporter -->
<testsuite hostname="WIN7-PC" name="Practice.Day4.Register" tests="1" failures="0" timestamp="4 Jan 2019 08:13:01 GMT" time="131.554" errors="0">
  <testcase name="Register" time="131.554" classname="Practice.Day4.Register"/>
</testsuite> <!-- Practice.Day4.Register -->
