<?xml version="1.0" encoding="UTF-8"?>
<!-- Generated by org.testng.reporters.JUnitReportReporter -->
<testsuite hostname="WIN7-PC" name="Practice.Day4.SureFirePlugin" tests="1" failures="0" timestamp="4 Jan 2019 08:13:02 GMT" time="120.157" errors="0">
  <testcase name="BrokenLinks" time="120.157" classname="Practice.Day4.SureFirePlugin"/>
</testsuite> <!-- Practice.Day4.SureFirePlugin -->
