<?xml version="1.0" encoding="UTF-8"?>
<!-- Generated by org.testng.reporters.JUnitReportReporter -->
<testsuite hostname="WIN7-PC" name="Practice.Day4.Robot1" tests="1" failures="0" timestamp="7 Jan 2019 16:41:21 GMT" time="81.161" errors="0">
  <testcase name="upload" time="81.161" classname="Practice.Day4.Robot1"/>
</testsuite> <!-- Practice.Day4.Robot1 -->
