<?xml version="1.0" encoding="UTF-8"?>
<!-- Generated by org.testng.reporters.JUnitReportReporter -->
<testsuite hostname="WIN7-PC" name="Practice.Day4.Grouping" tests="5" failures="0" timestamp="4 Jan 2019 09:54:24 GMT" time="0.004" errors="0">
  <testcase name="Sedan1" time="0.001" classname="Practice.Day4.Grouping"/>
  <testcase name="Scooter1" time="0.001" classname="Practice.Day4.Grouping"/>
  <testcase name="Scooter2" time="0.001" classname="Practice.Day4.Grouping"/>
  <testcase name="Car2" time="0.001" classname="Practice.Day4.Grouping"/>
  <testcase name="Car1" time="0.000" classname="Practice.Day4.Grouping"/>
</testsuite> <!-- Practice.Day4.Grouping -->
